<?xml version="1.0" encoding="UTF-8"?>
<!-- Generated by org.testng.reporters.JUnitReportReporter -->
<testsuite hostname="DESKTOP-75380HS" failures="0" tests="2" name="com.tmb.tests.LoginPageTests" time="73.319" errors="0" timestamp="27 Aug 2022 04:57:58 GMT" skipped="0">
  <testcase classname="com.tmb.tests.LoginPageTests" name="Test2" time="39.509"/>
  <testcase classname="com.tmb.tests.LoginPageTests" name="Test1" time="33.810"/>
</testsuite> <!-- com.tmb.tests.LoginPageTests -->
