<?xml version="1.0" encoding="UTF-8"?>
<!-- Generated by org.testng.reporters.JUnitReportReporter -->
<testsuite hostname="DESKTOP-75380HS" failures="0" tests="1" name="com.tmb.tests.HomePageTests" time="19.436" errors="0" timestamp="27 Aug 2022 04:57:58 GMT" skipped="0">
  <testcase classname="com.tmb.tests.HomePageTests" name="Test3" time="19.436"/>
</testsuite> <!-- com.tmb.tests.HomePageTests -->
