<?xml version="1.0" encoding="UTF-8"?>
<!-- Generated by org.testng.reporters.JUnitReportReporter -->
<testsuite hostname="DESKTOP-75380HS" failures="0" tests="1" name="com.tmb.tests.AssertJDemo" time="0.135" errors="0" timestamp="27 Aug 2022 05:12:53 GMT" skipped="0">
  <testcase classname="com.tmb.tests.AssertJDemo" name="stringTest" time="0.135"/>
</testsuite> <!-- com.tmb.tests.AssertJDemo -->
