<?xml version="1.0" encoding="UTF-8"?>
<!-- Generated by org.testng.reporters.JUnitReportReporter -->
<testsuite hostname="DESKTOP-75380HS" failures="0" tests="5" name="com.tmb.tests.Interview" time="0.015" errors="0" timestamp="18 Dec 2021 09:55:29 GMT" skipped="0">
  <testcase classname="com.tmb.tests.Interview" name="betaTesting" time="0.012"/>
  <testcase classname="com.tmb.tests.Interview" name="alphaTesting" time="0.001"/>
  <testcase classname="com.tmb.tests.Interview" name="countCharacterValue" time="0.001"/>
  <testcase classname="com.tmb.tests.Interview" name="automationTesting" time="0.001"/>
  <testcase classname="com.tmb.tests.Interview" name="componentTesting" time="0.000"/>
</testsuite> <!-- com.tmb.tests.Interview -->
